2018-12-05 23:16:11,125 INFO [zizi]            BasicBook.java:498  | 1 sheet in .\data\zizi.png
2018-12-05 23:16:12,298 INFO []            BasicBook.java:1502 | Stored /book.xml
2018-12-05 23:16:12,299 INFO []            BasicBook.java:1462 | Book stored as .\output\zizi\zizi.omr
2018-12-05 23:16:12,350 INFO []            BasicBook.java:1113 | Book reaching PAGE on sheets:[#1]
2018-12-05 23:16:12,353 INFO [zizi]       StepMonitoring.java:96   | LOAD
2018-12-05 23:16:12,478 INFO [zizi]            BasicBook.java:1028 | Loaded image 1 2520x1386 from .\data\zizi.png
2018-12-05 23:16:12,484 INFO [zizi]            BasicBook.java:1502 | Stored /book.xml
2018-12-05 23:16:12,949 INFO [zizi]           BasicSheet.java:1038 | Stored /sheet#1/sheet#1.xml
2018-12-05 23:16:12,956 INFO [zizi]       StepMonitoring.java:96   | BINARY
2018-12-05 23:16:13,413 INFO [zizi]            BasicBook.java:1502 | Stored /book.xml
2018-12-05 23:16:13,511 INFO [zizi]              Picture.java:797  | Stored /sheet#1/BINARY.xml
2018-12-05 23:16:13,512 INFO [zizi]           BasicSheet.java:1038 | Stored /sheet#1/sheet#1.xml
2018-12-05 23:16:13,519 INFO [zizi]       StepMonitoring.java:96   | SCALE
2018-12-05 23:16:13,560 INFO [zizi]            ScaleStep.java:87   | Scale{line(2,3,4) interline(21,21,22) beam(12)}
2018-12-05 23:16:13,562 INFO [zizi]            BasicBook.java:1502 | Stored /book.xml
2018-12-05 23:16:13,564 INFO [zizi]           BasicSheet.java:1038 | Stored /sheet#1/sheet#1.xml
2018-12-05 23:16:13,571 INFO [zizi]       StepMonitoring.java:96   | GRID
2018-12-05 23:16:14,178 INFO [zizi]       LinesRetriever.java:444  | Global slope: 0.01201
2018-12-05 23:16:14,200 INFO [zizi]    ClustersRetriever.java:242  | Retrieved line clusters: 4 of size: 5 with interline: (21,21,22)
2018-12-05 23:16:15,036 INFO [zizi]            PeakGraph.java:181  | Systems: #1[1, 2] #2[3, 4]
2018-12-05 23:16:16,100 INFO [zizi]        SystemManager.java:662  | Indentation detected for system#1
2018-12-05 23:16:16,100 INFO [zizi]        SystemManager.java:745  | 1 part along 2 systems
2018-12-05 23:16:16,103 INFO [zizi]            BasicBook.java:1502 | Stored /book.xml
2018-12-05 23:16:16,199 INFO [zizi]           BasicSheet.java:1038 | Stored /sheet#1/sheet#1.xml
2018-12-05 23:16:16,215 INFO [zizi]       StepMonitoring.java:96   | HEADERS
2018-12-05 23:16:16,544 INFO [zizi]      BasicClassifier.java:391  | Classifier loaded XML norms.
2018-12-05 23:16:16,556 INFO [zizi]   AbstractClassifier.java:355  | Classifier data loaded from default uri jar:file:/C:/Users/Oderis/Documents/GitHub/Hexagrama-server/lib/audiveris.jar!/res/basic-classifier.zip
2018-12-05 23:16:17,906 INFO [zizi]            BasicBook.java:1502 | Stored /book.xml
2018-12-05 23:16:17,945 INFO [zizi]           BasicSheet.java:1038 | Stored /sheet#1/sheet#1.xml
2018-12-05 23:16:17,972 INFO [zizi]       StepMonitoring.java:96   | STEM_SEEDS
2018-12-05 23:16:18,070 INFO [zizi]        StemSeedsStep.java:92   | stem(2 max:3)
2018-12-05 23:16:18,182 INFO [zizi]            BasicBook.java:1502 | Stored /book.xml
2018-12-05 23:16:18,241 INFO [zizi]           BasicSheet.java:1038 | Stored /sheet#1/sheet#1.xml
2018-12-05 23:16:18,249 INFO [zizi]       StepMonitoring.java:96   | BEAMS
2018-12-05 23:16:20,317 INFO [zizi]       BlackHeadSizer.java:99   | Spots black-head retrieval diameter: 18.9
2018-12-05 23:16:20,463 INFO [zizi]       BlackHeadSizer.java:251  | Core black head count: 23 blackHead(width:24.7~0.5 height:23.5~0.9)
2018-12-05 23:16:20,465 INFO [zizi]       BlackHeadSizer.java:256  | MusicFont{name:MusicalSymbols pointSize:83}
2018-12-05 23:16:20,664 INFO [zizi]            BeamsStep.java:89   | BeamDistance{count:14 mean:19.14 stdDev:1.35}
2018-12-05 23:16:20,667 INFO [zizi]            BasicBook.java:1502 | Stored /book.xml
2018-12-05 23:16:20,689 INFO [zizi]              Picture.java:797  | Stored /sheet#1/HEAD_SPOTS.xml
2018-12-05 23:16:20,811 INFO [zizi]           BasicSheet.java:1038 | Stored /sheet#1/sheet#1.xml
2018-12-05 23:16:20,819 INFO [zizi]       StepMonitoring.java:96   | LEDGERS
2018-12-05 23:16:20,981 INFO [zizi]            BasicBook.java:1502 | Stored /book.xml
2018-12-05 23:16:21,068 INFO [zizi]           BasicSheet.java:1038 | Stored /sheet#1/sheet#1.xml
2018-12-05 23:16:21,076 INFO [zizi]       StepMonitoring.java:96   | HEADS
2018-12-05 23:16:22,723 INFO [zizi]            BasicBook.java:1502 | Stored /book.xml
2018-12-05 23:16:22,872 INFO [zizi]           BasicSheet.java:1038 | Stored /sheet#1/sheet#1.xml
2018-12-05 23:16:22,880 INFO [zizi]       StepMonitoring.java:96   | STEMS
2018-12-05 23:16:23,153 INFO [zizi]            BasicBook.java:1502 | Stored /book.xml
2018-12-05 23:16:23,331 INFO [zizi]           BasicSheet.java:1038 | Stored /sheet#1/sheet#1.xml
2018-12-05 23:16:23,340 INFO [zizi]       StepMonitoring.java:96   | REDUCTION
2018-12-05 23:16:23,446 INFO [zizi]            BasicBook.java:1502 | Stored /book.xml
2018-12-05 23:16:23,593 INFO [zizi]           BasicSheet.java:1038 | Stored /sheet#1/sheet#1.xml
2018-12-05 23:16:23,600 INFO [zizi]       StepMonitoring.java:96   | CUE_BEAMS
2018-12-05 23:16:23,603 INFO [zizi]            BasicBook.java:1502 | Stored /book.xml
2018-12-05 23:16:23,749 INFO [zizi]           BasicSheet.java:1038 | Stored /sheet#1/sheet#1.xml
2018-12-05 23:16:23,758 INFO [zizi]       StepMonitoring.java:96   | TEXTS
2018-12-05 23:16:24,320 WARN [zizi]       TesseractOrder.java:165  | Could not initialize Tesseract with lang deu+eng+fra
2018-12-05 23:16:24,396 WARN [zizi]   AbstractSystemStep.java:201  | S1 java.lang.NullPointerException
java.lang.NullPointerException: null
	at org.audiveris.omr.text.TextBuilder.retrieveSystemLines(TextBuilder.java:263)
	at org.audiveris.omr.text.TextsStep.doSystem(TextsStep.java:66)
	at org.audiveris.omr.text.TextsStep.doSystem(TextsStep.java:41)
	at org.audiveris.omr.step.AbstractSystemStep$1.call(AbstractSystemStep.java:199)
	at org.audiveris.omr.step.AbstractSystemStep$1.call(AbstractSystemStep.java:182)
	at org.audiveris.omr.step.AbstractSystemStep.doitPerSystem(AbstractSystemStep.java:220)
	at org.audiveris.omr.step.AbstractSystemStep.doit(AbstractSystemStep.java:106)
	at org.audiveris.omr.step.Step.doit(Step.java:184)
	at org.audiveris.omr.sheet.BasicStub$3.call(BasicStub.java:877)
	at org.audiveris.omr.sheet.BasicStub$3.call(BasicStub.java:865)
	at java.util.concurrent.FutureTask.run(Unknown Source)
	at java.util.concurrent.ThreadPoolExecutor.runWorker(Unknown Source)
	at java.util.concurrent.ThreadPoolExecutor$Worker.run(Unknown Source)
	at java.lang.Thread.run(Unknown Source)
2018-12-05 23:16:24,397 WARN [zizi]   AbstractSystemStep.java:201  | S2 java.lang.NullPointerException
java.lang.NullPointerException: null
	at org.audiveris.omr.text.TextBuilder.retrieveSystemLines(TextBuilder.java:263)
	at org.audiveris.omr.text.TextsStep.doSystem(TextsStep.java:66)
	at org.audiveris.omr.text.TextsStep.doSystem(TextsStep.java:41)
	at org.audiveris.omr.step.AbstractSystemStep$1.call(AbstractSystemStep.java:199)
	at org.audiveris.omr.step.AbstractSystemStep$1.call(AbstractSystemStep.java:182)
	at org.audiveris.omr.step.AbstractSystemStep.doitPerSystem(AbstractSystemStep.java:220)
	at org.audiveris.omr.step.AbstractSystemStep.doit(AbstractSystemStep.java:106)
	at org.audiveris.omr.step.Step.doit(Step.java:184)
	at org.audiveris.omr.sheet.BasicStub$3.call(BasicStub.java:877)
	at org.audiveris.omr.sheet.BasicStub$3.call(BasicStub.java:865)
	at java.util.concurrent.FutureTask.run(Unknown Source)
	at java.util.concurrent.ThreadPoolExecutor.runWorker(Unknown Source)
	at java.util.concurrent.ThreadPoolExecutor$Worker.run(Unknown Source)
	at java.lang.Thread.run(Unknown Source)
2018-12-05 23:16:24,405 INFO [zizi]            BasicBook.java:1502 | Stored /book.xml
2018-12-05 23:16:24,547 INFO [zizi]           BasicSheet.java:1038 | Stored /sheet#1/sheet#1.xml
2018-12-05 23:16:24,555 INFO [zizi]       StepMonitoring.java:96   | MEASURES
2018-12-05 23:16:24,558 INFO [zizi]                 Page.java:260  | 8 raw measures: [4 in system#1, 4 in system#2]
2018-12-05 23:16:24,560 INFO [zizi]            BasicBook.java:1502 | Stored /book.xml
2018-12-05 23:16:24,702 INFO [zizi]           BasicSheet.java:1038 | Stored /sheet#1/sheet#1.xml
2018-12-05 23:16:24,715 INFO [zizi]       StepMonitoring.java:96   | CHORDS
2018-12-05 23:16:24,752 INFO [zizi]            BasicBook.java:1502 | Stored /book.xml
2018-12-05 23:16:24,905 INFO [zizi]           BasicSheet.java:1038 | Stored /sheet#1/sheet#1.xml
2018-12-05 23:16:24,913 INFO [zizi]       StepMonitoring.java:96   | CURVES
2018-12-05 23:16:25,728 INFO [zizi]         SlursBuilder.java:157  | Slurs: 1
2018-12-05 23:16:25,735 INFO [zizi]      SegmentsBuilder.java:114  | Segments: 10
2018-12-05 23:16:25,741 INFO [zizi]            BasicBook.java:1502 | Stored /book.xml
2018-12-05 23:16:25,907 INFO [zizi]           BasicSheet.java:1038 | Stored /sheet#1/sheet#1.xml
2018-12-05 23:16:25,914 INFO [zizi]       StepMonitoring.java:96   | SYMBOLS
2018-12-05 23:16:26,085 INFO [zizi]       SymbolsBuilder.java:341  | Symbol parts shrunk from 18 to 7
2018-12-05 23:16:26,088 INFO [zizi]        SymbolFactory.java:560  | No support yet for TIME_ZERO
2018-12-05 23:16:26,096 INFO [zizi]       SymbolsBuilder.java:341  | Symbol parts shrunk from 9 to 7
2018-12-05 23:16:26,181 INFO [zizi]       SymbolsBuilder.java:341  | Symbol parts shrunk from 9 to 7
2018-12-05 23:16:26,216 INFO [zizi]       SymbolsBuilder.java:341  | Symbol parts shrunk from 15 to 7
2018-12-05 23:16:26,330 INFO [zizi]            BasicBook.java:1502 | Stored /book.xml
2018-12-05 23:16:26,542 INFO [zizi]           BasicSheet.java:1038 | Stored /sheet#1/sheet#1.xml
2018-12-05 23:16:26,695 INFO [zizi]       StepMonitoring.java:96   | LINKS
2018-12-05 23:16:26,713 INFO [zizi]            BasicBook.java:1502 | Stored /book.xml
2018-12-05 23:16:26,922 INFO [zizi]           BasicSheet.java:1038 | Stored /sheet#1/sheet#1.xml
2018-12-05 23:16:26,960 INFO [zizi]       StepMonitoring.java:96   | RHYTHMS
2018-12-05 23:16:26,996 INFO [zizi]           PageRhythm.java:380  | Range{1-8 ts:4/4 dur:1} guess:1
2018-12-05 23:16:27,012 INFO [zizi]         SlotsBuilder.java:432  | S2 MeasureStack#8 Slot{#7 xOffset=325 timeOffset=5/8 incomings=[#1494] SUSPICIOUS}
2018-12-05 23:16:27,013 INFO [zizi]         SlotsBuilder.java:432  | S2 MeasureStack#8 Slot{#9 xOffset=391 timeOffset=3/4 incomings=[#1495#1497] SUSPICIOUS}
2018-12-05 23:16:27,014 INFO [zizi]                Voice.java:264  | S2 {Measure#8P1} Voice #1 too long 1/8
2018-12-05 23:16:27,014 INFO [zizi]                Voice.java:264  | S2 {Measure#8P1} Voice #5 too long 1/8
2018-12-05 23:16:27,014 INFO [zizi]                Voice.java:264  | S2 {Measure#8P1} Voice #6 too long 1/8
2018-12-05 23:16:27,014 INFO [zizi]           StackTuner.java:92   | S2 MeasureStack#8 no correct rhythm
2018-12-05 23:16:27,017 INFO [zizi]            BasicBook.java:1502 | Stored /book.xml
2018-12-05 23:16:27,238 INFO [zizi]           BasicSheet.java:1038 | Stored /sheet#1/sheet#1.xml
2018-12-05 23:16:27,246 INFO [zizi]       StepMonitoring.java:96   | PAGE
2018-12-05 23:16:27,250 INFO [zizi]                Voice.java:264  | S2 {Measure#8P1} Voice #1 too long 1/8
2018-12-05 23:16:27,251 INFO [zizi]                Voice.java:264  | S2 {Measure#8P1} Voice #5 too long 1/8
2018-12-05 23:16:27,251 INFO [zizi]                Voice.java:264  | S2 {Measure#8P1} Voice #6 too long 1/8
2018-12-05 23:16:27,253 INFO [zizi]            BasicBook.java:1502 | Stored /book.xml
2018-12-05 23:16:27,480 INFO [zizi]           BasicSheet.java:1038 | Stored /sheet#1/sheet#1.xml
2018-12-05 23:16:27,487 INFO [zizi]            BasicStub.java:758  | Sheet{zizi} disposed
2018-12-05 23:16:27,932 INFO [zizi]            BasicStub.java:484  | Loaded /sheet#1/sheet#1.xml
2018-12-05 23:16:27,933 INFO [zizi]            BasicBook.java:1234 | Scores built: 1
2018-12-05 23:16:29,151 INFO [zizi]        ScoreExporter.java:93   | Score zizi exported to .\output\zizi\zizi.mxl
2018-12-05 23:16:29,273 INFO [zizi]            BasicBook.java:1502 | Stored /book.xml
2018-12-05 23:16:29,274 INFO [zizi]            BasicBook.java:1462 | Book stored as .\output\zizi\zizi.omr
